<?xml version="1.0" encoding="UTF-8"?>
<!-- Generated by org.testng.reporters.JUnitReportReporter -->
<testsuite hostname="Akhil" failures="0" tests="1" name="OrangeHRMTestcases.TC_4_AddEmployeeInfo" time="52.049" errors="0" timestamp="2024-10-18T16:51:38 IST" skipped="0">
  <testcase classname="OrangeHRMTestcases.TC_4_AddEmployeeInfo" name="AddDetails" time="52.049"/>
</testsuite> <!-- OrangeHRMTestcases.TC_4_AddEmployeeInfo -->
