<?xml version="1.0" encoding="UTF-8"?>
<!-- Generated by org.testng.reporters.JUnitReportReporter -->
<testsuite hostname="Akhil" failures="0" tests="1" name="OrangeHRMTestcases.TC_2_AddNewEmployee" time="47.032" errors="0" timestamp="2024-10-13T14:56:35 IST" skipped="0">
  <testcase classname="OrangeHRMTestcases.TC_2_AddNewEmployee" name="AddEmployee" time="47.032"/>
</testsuite> <!-- OrangeHRMTestcases.TC_2_AddNewEmployee -->
