<?xml version="1.0" encoding="UTF-8"?>
<!-- Generated by org.testng.reporters.JUnitReportReporter -->
<testsuite hostname="Akhil" failures="0" tests="1" name="OrangeHRMTestcases.TC_3_EmployeeLogin" time="5.254" errors="0" timestamp="2024-10-14T21:33:45 IST" skipped="0">
  <testcase classname="OrangeHRMTestcases.TC_3_EmployeeLogin" name="EmployeeLogin" time="5.254"/>
</testsuite> <!-- OrangeHRMTestcases.TC_3_EmployeeLogin -->
