<?xml version="1.0" encoding="UTF-8"?>
<!-- Generated by org.testng.reporters.JUnitReportReporter -->
<testsuite hostname="Akhil" failures="0" tests="1" name="OrangeHRMTestcases.TC_1_Admin_LoginTestCase" time="10.024" errors="0" timestamp="2024-10-12T17:46:28 IST" skipped="0">
  <testcase classname="OrangeHRMTestcases.TC_1_Admin_LoginTestCase" name="Adminlogintest" time="10.024"/>
</testsuite> <!-- OrangeHRMTestcases.TC_1_Admin_LoginTestCase -->
