<?xml version="1.0" encoding="UTF-8"?>
<!-- Generated by org.testng.reporters.JUnitReportReporter -->
<testsuite hostname="Akhil" failures="0" tests="1" name="OrangeHRMTestcases.TC_3_EmployeeLogin" time="24.629" errors="0" timestamp="2024-10-18T16:51:38 IST" skipped="0">
  <testcase classname="OrangeHRMTestcases.TC_3_EmployeeLogin" name="EmployeeLogin" time="24.629"/>
</testsuite> <!-- OrangeHRMTestcases.TC_3_EmployeeLogin -->
