<?xml version="1.0" encoding="UTF-8"?>
<!-- Generated by org.testng.reporters.JUnitReportReporter -->
<testsuite hostname="Akhil" failures="0" tests="1" name="OrangeHRMTestcases.TC_5_AddEmployeeQualification" time="75.915" errors="0" timestamp="2024-10-18T15:50:40 IST" skipped="0">
  <testcase classname="OrangeHRMTestcases.TC_5_AddEmployeeQualification" name="EmployeeQualification" time="75.915"/>
</testsuite> <!-- OrangeHRMTestcases.TC_5_AddEmployeeQualification -->
