<?xml version="1.0" encoding="UTF-8"?>
<!-- Generated by org.testng.reporters.JUnitReportReporter -->
<testsuite hostname="Akhil" failures="0" tests="1" name="OrangeHRMTestcases.TC_1_LoginTestCases" time="10.899" errors="0" timestamp="2024-10-12T17:35:25 IST" skipped="0">
  <testcase classname="OrangeHRMTestcases.TC_1_LoginTestCases" name="Adminlogintest" time="10.899"/>
</testsuite> <!-- OrangeHRMTestcases.TC_1_LoginTestCases -->
