<?xml version="1.0" encoding="UTF-8"?>
<!-- Generated by org.testng.reporters.JUnitReportReporter -->
<testsuite hostname="Akhil" failures="0" tests="1" name="OrangeHRMTestcases.TC_6_AdminCheckingEmployee" time="24.378" errors="0" timestamp="2024-10-14T23:04:11 IST" skipped="0">
  <testcase classname="OrangeHRMTestcases.TC_6_AdminCheckingEmployee" name="EmployeeChecking" time="24.378"/>
</testsuite> <!-- OrangeHRMTestcases.TC_6_AdminCheckingEmployee -->
