<?xml version="1.0" encoding="UTF-8"?>
<!-- Generated by org.testng.reporters.JUnitReportReporter -->
<testsuite hostname="Akhil" failures="0" tests="1" name="OrangeHRMTestcases.TC_1_Admin_LoginTestCase" time="16.459" errors="0" timestamp="2024-10-18T17:27:30 IST" skipped="0">
  <testcase classname="OrangeHRMTestcases.TC_1_Admin_LoginTestCase" name="Adminlogintest" time="16.459"/>
</testsuite> <!-- OrangeHRMTestcases.TC_1_Admin_LoginTestCase -->
