<?xml version="1.0" encoding="UTF-8"?>
<!-- Generated by org.testng.reporters.JUnitReportReporter -->
<testsuite hostname="Akhil" failures="0" tests="1" name="OrangeHRMTestcases.TC_6_AdminCheckingEmployee" time="55.729" errors="0" timestamp="2024-10-18T17:27:30 IST" skipped="0">
  <testcase classname="OrangeHRMTestcases.TC_6_AdminCheckingEmployee" name="EmployeeChecking" time="55.729"/>
</testsuite> <!-- OrangeHRMTestcases.TC_6_AdminCheckingEmployee -->
