<?xml version="1.0" encoding="UTF-8"?>
<!-- Generated by org.testng.reporters.JUnitReportReporter -->
<testsuite hostname="Akhil" failures="0" tests="1" name="OrangeHRMTestcases.TC_5_AddEmployeeQualification" time="33.256" errors="0" timestamp="2024-10-14T21:33:45 IST" skipped="0">
  <testcase classname="OrangeHRMTestcases.TC_5_AddEmployeeQualification" name="EmployeeQualification" time="33.256"/>
</testsuite> <!-- OrangeHRMTestcases.TC_5_AddEmployeeQualification -->
